-------------------------------------------------------------------------------
Test set: com.trustev.integration.TrustevClientTest
-------------------------------------------------------------------------------
Tests run: 7, Failures: 0, Errors: 7, Skipped: 0, Time elapsed: 1.883 sec <<< FAILURE!
testAddCase(com.trustev.integration.TrustevClientTest)  Time elapsed: 0.901 sec  <<< ERROR!
com.sun.jersey.api.client.ClientHandlerException: javax.net.ssl.SSLHandshakeException: sun.security.validator.ValidatorException: PKIX path building failed: sun.security.provider.certpath.SunCertPathBuilderException: unable to find valid certification path to requested target
	at com.sun.jersey.client.urlconnection.URLConnectionClientHandler.handle(URLConnectionClientHandler.java:149)
	at com.sun.jersey.api.client.Client.handle(Client.java:648)
	at com.sun.jersey.api.client.WebResource.handle(WebResource.java:670)
	at com.sun.jersey.api.client.WebResource.access$200(WebResource.java:74)
	at com.sun.jersey.api.client.WebResource$Builder.method(WebResource.java:623)
	at com.trustev.integration.BaseObject.callApiMethod(BaseObject.java:77)
	at com.trustev.integration.BaseObject.GetApiTokenId(BaseObject.java:50)
	at com.trustev.integration.BaseObject.callApiMethod(BaseObject.java:71)
	at com.trustev.integration.BaseObject.callApiMethodFor(BaseObject.java:95)
	at com.trustev.integration.Case.Save(Case.java:201)
	at com.trustev.integration.TrustevClientTest.testAddCase(TrustevClientTest.java:58)
	at sun.reflect.NativeMethodAccessorImpl.invoke0(Native Method)
	at sun.reflect.NativeMethodAccessorImpl.invoke(NativeMethodAccessorImpl.java:57)
	at sun.reflect.DelegatingMethodAccessorImpl.invoke(DelegatingMethodAccessorImpl.java:43)
	at java.lang.reflect.Method.invoke(Method.java:606)
	at junit.framework.TestCase.runTest(TestCase.java:168)
	at junit.framework.TestCase.runBare(TestCase.java:134)
	at junit.framework.TestResult$1.protect(TestResult.java:110)
	at junit.framework.TestResult.runProtected(TestResult.java:128)
	at junit.framework.TestResult.run(TestResult.java:113)
	at junit.framework.TestCase.run(TestCase.java:124)
	at junit.framework.TestSuite.runTest(TestSuite.java:243)
	at junit.framework.TestSuite.run(TestSuite.java:238)
	at org.junit.internal.runners.JUnit38ClassRunner.run(JUnit38ClassRunner.java:83)
	at org.apache.maven.surefire.junit4.JUnit4TestSet.execute(JUnit4TestSet.java:53)
	at org.apache.maven.surefire.junit4.JUnit4Provider.executeTestSet(JUnit4Provider.java:123)
	at org.apache.maven.surefire.junit4.JUnit4Provider.invoke(JUnit4Provider.java:104)
	at sun.reflect.NativeMethodAccessorImpl.invoke0(Native Method)
	at sun.reflect.NativeMethodAccessorImpl.invoke(NativeMethodAccessorImpl.java:57)
	at sun.reflect.DelegatingMethodAccessorImpl.invoke(DelegatingMethodAccessorImpl.java:43)
	at java.lang.reflect.Method.invoke(Method.java:606)
	at org.apache.maven.surefire.util.ReflectionUtils.invokeMethodWithArray(ReflectionUtils.java:164)
	at org.apache.maven.surefire.booter.ProviderFactory$ProviderProxy.invoke(ProviderFactory.java:110)
	at org.apache.maven.surefire.booter.SurefireStarter.invokeProvider(SurefireStarter.java:172)
	at org.apache.maven.surefire.booter.SurefireStarter.runSuitesInProcessWhenForked(SurefireStarter.java:104)
	at org.apache.maven.surefire.booter.ForkedBooter.main(ForkedBooter.java:70)
Caused by: javax.net.ssl.SSLHandshakeException: sun.security.validator.ValidatorException: PKIX path building failed: sun.security.provider.certpath.SunCertPathBuilderException: unable to find valid certification path to requested target
	at sun.security.ssl.Alerts.getSSLException(Alerts.java:192)
	at sun.security.ssl.SSLSocketImpl.fatal(SSLSocketImpl.java:1884)
	at sun.security.ssl.Handshaker.fatalSE(Handshaker.java:276)
	at sun.security.ssl.Handshaker.fatalSE(Handshaker.java:270)
	at sun.security.ssl.ClientHandshaker.serverCertificate(ClientHandshaker.java:1341)
	at sun.security.ssl.ClientHandshaker.processMessage(ClientHandshaker.java:153)
	at sun.security.ssl.Handshaker.processLoop(Handshaker.java:868)
	at sun.security.ssl.Handshaker.process_record(Handshaker.java:804)
	at sun.security.ssl.SSLSocketImpl.readRecord(SSLSocketImpl.java:1016)
	at sun.security.ssl.SSLSocketImpl.performInitialHandshake(SSLSocketImpl.java:1312)
	at sun.security.ssl.SSLSocketImpl.startHandshake(SSLSocketImpl.java:1339)
	at sun.security.ssl.SSLSocketImpl.startHandshake(SSLSocketImpl.java:1323)
	at sun.net.www.protocol.https.HttpsClient.afterConnect(HttpsClient.java:563)
	at sun.net.www.protocol.https.AbstractDelegateHttpsURLConnection.connect(AbstractDelegateHttpsURLConnection.java:185)
	at sun.net.www.protocol.http.HttpURLConnection.getOutputStream(HttpURLConnection.java:1091)
	at sun.net.www.protocol.https.HttpsURLConnectionImpl.getOutputStream(HttpsURLConnectionImpl.java:250)
	at com.sun.jersey.client.urlconnection.URLConnectionClientHandler$1$1.getOutputStream(URLConnectionClientHandler.java:225)
	at com.sun.jersey.api.client.CommittingOutputStream.commitWrite(CommittingOutputStream.java:117)
	at com.sun.jersey.api.client.CommittingOutputStream.write(CommittingOutputStream.java:89)
	at org.codehaus.jackson.impl.Utf8Generator._flushBuffer(Utf8Generator.java:1748)
	at org.codehaus.jackson.impl.Utf8Generator.flush(Utf8Generator.java:1082)
	at org.codehaus.jackson.map.ObjectMapper.writeValue(ObjectMapper.java:1606)
	at org.codehaus.jackson.jaxrs.JacksonJsonProvider.writeTo(JacksonJsonProvider.java:558)
	at com.sun.jersey.api.client.RequestWriter.writeRequestEntity(RequestWriter.java:300)
	at com.sun.jersey.client.urlconnection.URLConnectionClientHandler._invoke(URLConnectionClientHandler.java:204)
	at com.sun.jersey.client.urlconnection.URLConnectionClientHandler.handle(URLConnectionClientHandler.java:147)
	... 35 more
Caused by: sun.security.validator.ValidatorException: PKIX path building failed: sun.security.provider.certpath.SunCertPathBuilderException: unable to find valid certification path to requested target
	at sun.security.validator.PKIXValidator.doBuild(PKIXValidator.java:385)
	at sun.security.validator.PKIXValidator.engineValidate(PKIXValidator.java:292)
	at sun.security.validator.Validator.validate(Validator.java:260)
	at sun.security.ssl.X509TrustManagerImpl.validate(X509TrustManagerImpl.java:326)
	at sun.security.ssl.X509TrustManagerImpl.checkTrusted(X509TrustManagerImpl.java:231)
	at sun.security.ssl.X509TrustManagerImpl.checkServerTrusted(X509TrustManagerImpl.java:126)
	at sun.security.ssl.ClientHandshaker.serverCertificate(ClientHandshaker.java:1323)
	... 56 more
Caused by: sun.security.provider.certpath.SunCertPathBuilderException: unable to find valid certification path to requested target
	at sun.security.provider.certpath.SunCertPathBuilder.engineBuild(SunCertPathBuilder.java:196)
	at java.security.cert.CertPathBuilder.build(CertPathBuilder.java:268)
	at sun.security.validator.PKIXValidator.doBuild(PKIXValidator.java:380)
	... 62 more
testGetToken(com.trustev.integration.TrustevClientTest)  Time elapsed: 0.419 sec  <<< ERROR!
com.sun.jersey.api.client.ClientHandlerException: javax.net.ssl.SSLHandshakeException: sun.security.validator.ValidatorException: PKIX path building failed: sun.security.provider.certpath.SunCertPathBuilderException: unable to find valid certification path to requested target
	at com.sun.jersey.client.urlconnection.URLConnectionClientHandler.handle(URLConnectionClientHandler.java:149)
	at com.sun.jersey.api.client.Client.handle(Client.java:648)
	at com.sun.jersey.api.client.WebResource.handle(WebResource.java:670)
	at com.sun.jersey.api.client.WebResource.access$200(WebResource.java:74)
	at com.sun.jersey.api.client.WebResource$Builder.method(WebResource.java:623)
	at com.trustev.integration.BaseObject.callApiMethod(BaseObject.java:77)
	at com.trustev.integration.BaseObject.GetApiTokenId(BaseObject.java:50)
	at com.trustev.integration.TrustevClientTest.testGetToken(TrustevClientTest.java:23)
	at sun.reflect.NativeMethodAccessorImpl.invoke0(Native Method)
	at sun.reflect.NativeMethodAccessorImpl.invoke(NativeMethodAccessorImpl.java:57)
	at sun.reflect.DelegatingMethodAccessorImpl.invoke(DelegatingMethodAccessorImpl.java:43)
	at java.lang.reflect.Method.invoke(Method.java:606)
	at junit.framework.TestCase.runTest(TestCase.java:168)
	at junit.framework.TestCase.runBare(TestCase.java:134)
	at junit.framework.TestResult$1.protect(TestResult.java:110)
	at junit.framework.TestResult.runProtected(TestResult.java:128)
	at junit.framework.TestResult.run(TestResult.java:113)
	at junit.framework.TestCase.run(TestCase.java:124)
	at junit.framework.TestSuite.runTest(TestSuite.java:243)
	at junit.framework.TestSuite.run(TestSuite.java:238)
	at org.junit.internal.runners.JUnit38ClassRunner.run(JUnit38ClassRunner.java:83)
	at org.apache.maven.surefire.junit4.JUnit4TestSet.execute(JUnit4TestSet.java:53)
	at org.apache.maven.surefire.junit4.JUnit4Provider.executeTestSet(JUnit4Provider.java:123)
	at org.apache.maven.surefire.junit4.JUnit4Provider.invoke(JUnit4Provider.java:104)
	at sun.reflect.NativeMethodAccessorImpl.invoke0(Native Method)
	at sun.reflect.NativeMethodAccessorImpl.invoke(NativeMethodAccessorImpl.java:57)
	at sun.reflect.DelegatingMethodAccessorImpl.invoke(DelegatingMethodAccessorImpl.java:43)
	at java.lang.reflect.Method.invoke(Method.java:606)
	at org.apache.maven.surefire.util.ReflectionUtils.invokeMethodWithArray(ReflectionUtils.java:164)
	at org.apache.maven.surefire.booter.ProviderFactory$ProviderProxy.invoke(ProviderFactory.java:110)
	at org.apache.maven.surefire.booter.SurefireStarter.invokeProvider(SurefireStarter.java:172)
	at org.apache.maven.surefire.booter.SurefireStarter.runSuitesInProcessWhenForked(SurefireStarter.java:104)
	at org.apache.maven.surefire.booter.ForkedBooter.main(ForkedBooter.java:70)
Caused by: javax.net.ssl.SSLHandshakeException: sun.security.validator.ValidatorException: PKIX path building failed: sun.security.provider.certpath.SunCertPathBuilderException: unable to find valid certification path to requested target
	at sun.security.ssl.Alerts.getSSLException(Alerts.java:192)
	at sun.security.ssl.SSLSocketImpl.fatal(SSLSocketImpl.java:1884)
	at sun.security.ssl.Handshaker.fatalSE(Handshaker.java:276)
	at sun.security.ssl.Handshaker.fatalSE(Handshaker.java:270)
	at sun.security.ssl.ClientHandshaker.serverCertificate(ClientHandshaker.java:1341)
	at sun.security.ssl.ClientHandshaker.processMessage(ClientHandshaker.java:153)
	at sun.security.ssl.Handshaker.processLoop(Handshaker.java:868)
	at sun.security.ssl.Handshaker.process_record(Handshaker.java:804)
	at sun.security.ssl.SSLSocketImpl.readRecord(SSLSocketImpl.java:1016)
	at sun.security.ssl.SSLSocketImpl.performInitialHandshake(SSLSocketImpl.java:1312)
	at sun.security.ssl.SSLSocketImpl.startHandshake(SSLSocketImpl.java:1339)
	at sun.security.ssl.SSLSocketImpl.startHandshake(SSLSocketImpl.java:1323)
	at sun.net.www.protocol.https.HttpsClient.afterConnect(HttpsClient.java:563)
	at sun.net.www.protocol.https.AbstractDelegateHttpsURLConnection.connect(AbstractDelegateHttpsURLConnection.java:185)
	at sun.net.www.protocol.http.HttpURLConnection.getOutputStream(HttpURLConnection.java:1091)
	at sun.net.www.protocol.https.HttpsURLConnectionImpl.getOutputStream(HttpsURLConnectionImpl.java:250)
	at com.sun.jersey.client.urlconnection.URLConnectionClientHandler$1$1.getOutputStream(URLConnectionClientHandler.java:225)
	at com.sun.jersey.api.client.CommittingOutputStream.commitWrite(CommittingOutputStream.java:117)
	at com.sun.jersey.api.client.CommittingOutputStream.write(CommittingOutputStream.java:89)
	at org.codehaus.jackson.impl.Utf8Generator._flushBuffer(Utf8Generator.java:1748)
	at org.codehaus.jackson.impl.Utf8Generator.flush(Utf8Generator.java:1082)
	at org.codehaus.jackson.map.ObjectMapper.writeValue(ObjectMapper.java:1606)
	at org.codehaus.jackson.jaxrs.JacksonJsonProvider.writeTo(JacksonJsonProvider.java:558)
	at com.sun.jersey.api.client.RequestWriter.writeRequestEntity(RequestWriter.java:300)
	at com.sun.jersey.client.urlconnection.URLConnectionClientHandler._invoke(URLConnectionClientHandler.java:204)
	at com.sun.jersey.client.urlconnection.URLConnectionClientHandler.handle(URLConnectionClientHandler.java:147)
	... 32 more
Caused by: sun.security.validator.ValidatorException: PKIX path building failed: sun.security.provider.certpath.SunCertPathBuilderException: unable to find valid certification path to requested target
	at sun.security.validator.PKIXValidator.doBuild(PKIXValidator.java:385)
	at sun.security.validator.PKIXValidator.engineValidate(PKIXValidator.java:292)
	at sun.security.validator.Validator.validate(Validator.java:260)
	at sun.security.ssl.X509TrustManagerImpl.validate(X509TrustManagerImpl.java:326)
	at sun.security.ssl.X509TrustManagerImpl.checkTrusted(X509TrustManagerImpl.java:231)
	at sun.security.ssl.X509TrustManagerImpl.checkServerTrusted(X509TrustManagerImpl.java:126)
	at sun.security.ssl.ClientHandshaker.serverCertificate(ClientHandshaker.java:1323)
	... 53 more
Caused by: sun.security.provider.certpath.SunCertPathBuilderException: unable to find valid certification path to requested target
	at sun.security.provider.certpath.SunCertPathBuilder.engineBuild(SunCertPathBuilder.java:196)
	at java.security.cert.CertPathBuilder.build(CertPathBuilder.java:268)
	at sun.security.validator.PKIXValidator.doBuild(PKIXValidator.java:380)
	... 59 more
testUpdateCase(com.trustev.integration.TrustevClientTest)  Time elapsed: 0.115 sec  <<< ERROR!
com.sun.jersey.api.client.ClientHandlerException: javax.net.ssl.SSLHandshakeException: sun.security.validator.ValidatorException: PKIX path building failed: sun.security.provider.certpath.SunCertPathBuilderException: unable to find valid certification path to requested target
	at com.sun.jersey.client.urlconnection.URLConnectionClientHandler.handle(URLConnectionClientHandler.java:149)
	at com.sun.jersey.api.client.Client.handle(Client.java:648)
	at com.sun.jersey.api.client.WebResource.handle(WebResource.java:670)
	at com.sun.jersey.api.client.WebResource.access$200(WebResource.java:74)
	at com.sun.jersey.api.client.WebResource$Builder.method(WebResource.java:623)
	at com.trustev.integration.BaseObject.callApiMethod(BaseObject.java:77)
	at com.trustev.integration.BaseObject.GetApiTokenId(BaseObject.java:50)
	at com.trustev.integration.BaseObject.callApiMethod(BaseObject.java:71)
	at com.trustev.integration.BaseObject.callApiMethodFor(BaseObject.java:95)
	at com.trustev.integration.Case.Save(Case.java:201)
	at com.trustev.integration.TrustevClientTest.testUpdateCase(TrustevClientTest.java:102)
	at sun.reflect.NativeMethodAccessorImpl.invoke0(Native Method)
	at sun.reflect.NativeMethodAccessorImpl.invoke(NativeMethodAccessorImpl.java:57)
	at sun.reflect.DelegatingMethodAccessorImpl.invoke(DelegatingMethodAccessorImpl.java:43)
	at java.lang.reflect.Method.invoke(Method.java:606)
	at junit.framework.TestCase.runTest(TestCase.java:168)
	at junit.framework.TestCase.runBare(TestCase.java:134)
	at junit.framework.TestResult$1.protect(TestResult.java:110)
	at junit.framework.TestResult.runProtected(TestResult.java:128)
	at junit.framework.TestResult.run(TestResult.java:113)
	at junit.framework.TestCase.run(TestCase.java:124)
	at junit.framework.TestSuite.runTest(TestSuite.java:243)
	at junit.framework.TestSuite.run(TestSuite.java:238)
	at org.junit.internal.runners.JUnit38ClassRunner.run(JUnit38ClassRunner.java:83)
	at org.apache.maven.surefire.junit4.JUnit4TestSet.execute(JUnit4TestSet.java:53)
	at org.apache.maven.surefire.junit4.JUnit4Provider.executeTestSet(JUnit4Provider.java:123)
	at org.apache.maven.surefire.junit4.JUnit4Provider.invoke(JUnit4Provider.java:104)
	at sun.reflect.NativeMethodAccessorImpl.invoke0(Native Method)
	at sun.reflect.NativeMethodAccessorImpl.invoke(NativeMethodAccessorImpl.java:57)
	at sun.reflect.DelegatingMethodAccessorImpl.invoke(DelegatingMethodAccessorImpl.java:43)
	at java.lang.reflect.Method.invoke(Method.java:606)
	at org.apache.maven.surefire.util.ReflectionUtils.invokeMethodWithArray(ReflectionUtils.java:164)
	at org.apache.maven.surefire.booter.ProviderFactory$ProviderProxy.invoke(ProviderFactory.java:110)
	at org.apache.maven.surefire.booter.SurefireStarter.invokeProvider(SurefireStarter.java:172)
	at org.apache.maven.surefire.booter.SurefireStarter.runSuitesInProcessWhenForked(SurefireStarter.java:104)
	at org.apache.maven.surefire.booter.ForkedBooter.main(ForkedBooter.java:70)
Caused by: javax.net.ssl.SSLHandshakeException: sun.security.validator.ValidatorException: PKIX path building failed: sun.security.provider.certpath.SunCertPathBuilderException: unable to find valid certification path to requested target
	at sun.security.ssl.Alerts.getSSLException(Alerts.java:192)
	at sun.security.ssl.SSLSocketImpl.fatal(SSLSocketImpl.java:1884)
	at sun.security.ssl.Handshaker.fatalSE(Handshaker.java:276)
	at sun.security.ssl.Handshaker.fatalSE(Handshaker.java:270)
	at sun.security.ssl.ClientHandshaker.serverCertificate(ClientHandshaker.java:1341)
	at sun.security.ssl.ClientHandshaker.processMessage(ClientHandshaker.java:153)
	at sun.security.ssl.Handshaker.processLoop(Handshaker.java:868)
	at sun.security.ssl.Handshaker.process_record(Handshaker.java:804)
	at sun.security.ssl.SSLSocketImpl.readRecord(SSLSocketImpl.java:1016)
	at sun.security.ssl.SSLSocketImpl.performInitialHandshake(SSLSocketImpl.java:1312)
	at sun.security.ssl.SSLSocketImpl.startHandshake(SSLSocketImpl.java:1339)
	at sun.security.ssl.SSLSocketImpl.startHandshake(SSLSocketImpl.java:1323)
	at sun.net.www.protocol.https.HttpsClient.afterConnect(HttpsClient.java:563)
	at sun.net.www.protocol.https.AbstractDelegateHttpsURLConnection.connect(AbstractDelegateHttpsURLConnection.java:185)
	at sun.net.www.protocol.http.HttpURLConnection.getOutputStream(HttpURLConnection.java:1091)
	at sun.net.www.protocol.https.HttpsURLConnectionImpl.getOutputStream(HttpsURLConnectionImpl.java:250)
	at com.sun.jersey.client.urlconnection.URLConnectionClientHandler$1$1.getOutputStream(URLConnectionClientHandler.java:225)
	at com.sun.jersey.api.client.CommittingOutputStream.commitWrite(CommittingOutputStream.java:117)
	at com.sun.jersey.api.client.CommittingOutputStream.write(CommittingOutputStream.java:89)
	at org.codehaus.jackson.impl.Utf8Generator._flushBuffer(Utf8Generator.java:1748)
	at org.codehaus.jackson.impl.Utf8Generator.flush(Utf8Generator.java:1082)
	at org.codehaus.jackson.map.ObjectMapper.writeValue(ObjectMapper.java:1606)
	at org.codehaus.jackson.jaxrs.JacksonJsonProvider.writeTo(JacksonJsonProvider.java:558)
	at com.sun.jersey.api.client.RequestWriter.writeRequestEntity(RequestWriter.java:300)
	at com.sun.jersey.client.urlconnection.URLConnectionClientHandler._invoke(URLConnectionClientHandler.java:204)
	at com.sun.jersey.client.urlconnection.URLConnectionClientHandler.handle(URLConnectionClientHandler.java:147)
	... 35 more
Caused by: sun.security.validator.ValidatorException: PKIX path building failed: sun.security.provider.certpath.SunCertPathBuilderException: unable to find valid certification path to requested target
	at sun.security.validator.PKIXValidator.doBuild(PKIXValidator.java:385)
	at sun.security.validator.PKIXValidator.engineValidate(PKIXValidator.java:292)
	at sun.security.validator.Validator.validate(Validator.java:260)
	at sun.security.ssl.X509TrustManagerImpl.validate(X509TrustManagerImpl.java:326)
	at sun.security.ssl.X509TrustManagerImpl.checkTrusted(X509TrustManagerImpl.java:231)
	at sun.security.ssl.X509TrustManagerImpl.checkServerTrusted(X509TrustManagerImpl.java:126)
	at sun.security.ssl.ClientHandshaker.serverCertificate(ClientHandshaker.java:1323)
	... 56 more
Caused by: sun.security.provider.certpath.SunCertPathBuilderException: unable to find valid certification path to requested target
	at sun.security.provider.certpath.SunCertPathBuilder.engineBuild(SunCertPathBuilder.java:196)
	at java.security.cert.CertPathBuilder.build(CertPathBuilder.java:268)
	at sun.security.validator.PKIXValidator.doBuild(PKIXValidator.java:380)
	... 62 more
testCustomerEndpoint(com.trustev.integration.TrustevClientTest)  Time elapsed: 0.111 sec  <<< ERROR!
com.sun.jersey.api.client.ClientHandlerException: javax.net.ssl.SSLHandshakeException: sun.security.validator.ValidatorException: PKIX path building failed: sun.security.provider.certpath.SunCertPathBuilderException: unable to find valid certification path to requested target
	at com.sun.jersey.client.urlconnection.URLConnectionClientHandler.handle(URLConnectionClientHandler.java:149)
	at com.sun.jersey.api.client.Client.handle(Client.java:648)
	at com.sun.jersey.api.client.WebResource.handle(WebResource.java:670)
	at com.sun.jersey.api.client.WebResource.access$200(WebResource.java:74)
	at com.sun.jersey.api.client.WebResource$Builder.method(WebResource.java:623)
	at com.trustev.integration.BaseObject.callApiMethod(BaseObject.java:77)
	at com.trustev.integration.BaseObject.GetApiTokenId(BaseObject.java:50)
	at com.trustev.integration.BaseObject.callApiMethod(BaseObject.java:71)
	at com.trustev.integration.BaseObject.callApiMethodFor(BaseObject.java:95)
	at com.trustev.integration.Case.Save(Case.java:201)
	at com.trustev.integration.TrustevClientTest.testCustomerEndpoint(TrustevClientTest.java:146)
	at sun.reflect.NativeMethodAccessorImpl.invoke0(Native Method)
	at sun.reflect.NativeMethodAccessorImpl.invoke(NativeMethodAccessorImpl.java:57)
	at sun.reflect.DelegatingMethodAccessorImpl.invoke(DelegatingMethodAccessorImpl.java:43)
	at java.lang.reflect.Method.invoke(Method.java:606)
	at junit.framework.TestCase.runTest(TestCase.java:168)
	at junit.framework.TestCase.runBare(TestCase.java:134)
	at junit.framework.TestResult$1.protect(TestResult.java:110)
	at junit.framework.TestResult.runProtected(TestResult.java:128)
	at junit.framework.TestResult.run(TestResult.java:113)
	at junit.framework.TestCase.run(TestCase.java:124)
	at junit.framework.TestSuite.runTest(TestSuite.java:243)
	at junit.framework.TestSuite.run(TestSuite.java:238)
	at org.junit.internal.runners.JUnit38ClassRunner.run(JUnit38ClassRunner.java:83)
	at org.apache.maven.surefire.junit4.JUnit4TestSet.execute(JUnit4TestSet.java:53)
	at org.apache.maven.surefire.junit4.JUnit4Provider.executeTestSet(JUnit4Provider.java:123)
	at org.apache.maven.surefire.junit4.JUnit4Provider.invoke(JUnit4Provider.java:104)
	at sun.reflect.NativeMethodAccessorImpl.invoke0(Native Method)
	at sun.reflect.NativeMethodAccessorImpl.invoke(NativeMethodAccessorImpl.java:57)
	at sun.reflect.DelegatingMethodAccessorImpl.invoke(DelegatingMethodAccessorImpl.java:43)
	at java.lang.reflect.Method.invoke(Method.java:606)
	at org.apache.maven.surefire.util.ReflectionUtils.invokeMethodWithArray(ReflectionUtils.java:164)
	at org.apache.maven.surefire.booter.ProviderFactory$ProviderProxy.invoke(ProviderFactory.java:110)
	at org.apache.maven.surefire.booter.SurefireStarter.invokeProvider(SurefireStarter.java:172)
	at org.apache.maven.surefire.booter.SurefireStarter.runSuitesInProcessWhenForked(SurefireStarter.java:104)
	at org.apache.maven.surefire.booter.ForkedBooter.main(ForkedBooter.java:70)
Caused by: javax.net.ssl.SSLHandshakeException: sun.security.validator.ValidatorException: PKIX path building failed: sun.security.provider.certpath.SunCertPathBuilderException: unable to find valid certification path to requested target
	at sun.security.ssl.Alerts.getSSLException(Alerts.java:192)
	at sun.security.ssl.SSLSocketImpl.fatal(SSLSocketImpl.java:1884)
	at sun.security.ssl.Handshaker.fatalSE(Handshaker.java:276)
	at sun.security.ssl.Handshaker.fatalSE(Handshaker.java:270)
	at sun.security.ssl.ClientHandshaker.serverCertificate(ClientHandshaker.java:1341)
	at sun.security.ssl.ClientHandshaker.processMessage(ClientHandshaker.java:153)
	at sun.security.ssl.Handshaker.processLoop(Handshaker.java:868)
	at sun.security.ssl.Handshaker.process_record(Handshaker.java:804)
	at sun.security.ssl.SSLSocketImpl.readRecord(SSLSocketImpl.java:1016)
	at sun.security.ssl.SSLSocketImpl.performInitialHandshake(SSLSocketImpl.java:1312)
	at sun.security.ssl.SSLSocketImpl.startHandshake(SSLSocketImpl.java:1339)
	at sun.security.ssl.SSLSocketImpl.startHandshake(SSLSocketImpl.java:1323)
	at sun.net.www.protocol.https.HttpsClient.afterConnect(HttpsClient.java:563)
	at sun.net.www.protocol.https.AbstractDelegateHttpsURLConnection.connect(AbstractDelegateHttpsURLConnection.java:185)
	at sun.net.www.protocol.http.HttpURLConnection.getOutputStream(HttpURLConnection.java:1091)
	at sun.net.www.protocol.https.HttpsURLConnectionImpl.getOutputStream(HttpsURLConnectionImpl.java:250)
	at com.sun.jersey.client.urlconnection.URLConnectionClientHandler$1$1.getOutputStream(URLConnectionClientHandler.java:225)
	at com.sun.jersey.api.client.CommittingOutputStream.commitWrite(CommittingOutputStream.java:117)
	at com.sun.jersey.api.client.CommittingOutputStream.write(CommittingOutputStream.java:89)
	at org.codehaus.jackson.impl.Utf8Generator._flushBuffer(Utf8Generator.java:1748)
	at org.codehaus.jackson.impl.Utf8Generator.flush(Utf8Generator.java:1082)
	at org.codehaus.jackson.map.ObjectMapper.writeValue(ObjectMapper.java:1606)
	at org.codehaus.jackson.jaxrs.JacksonJsonProvider.writeTo(JacksonJsonProvider.java:558)
	at com.sun.jersey.api.client.RequestWriter.writeRequestEntity(RequestWriter.java:300)
	at com.sun.jersey.client.urlconnection.URLConnectionClientHandler._invoke(URLConnectionClientHandler.java:204)
	at com.sun.jersey.client.urlconnection.URLConnectionClientHandler.handle(URLConnectionClientHandler.java:147)
	... 35 more
Caused by: sun.security.validator.ValidatorException: PKIX path building failed: sun.security.provider.certpath.SunCertPathBuilderException: unable to find valid certification path to requested target
	at sun.security.validator.PKIXValidator.doBuild(PKIXValidator.java:385)
	at sun.security.validator.PKIXValidator.engineValidate(PKIXValidator.java:292)
	at sun.security.validator.Validator.validate(Validator.java:260)
	at sun.security.ssl.X509TrustManagerImpl.validate(X509TrustManagerImpl.java:326)
	at sun.security.ssl.X509TrustManagerImpl.checkTrusted(X509TrustManagerImpl.java:231)
	at sun.security.ssl.X509TrustManagerImpl.checkServerTrusted(X509TrustManagerImpl.java:126)
	at sun.security.ssl.ClientHandshaker.serverCertificate(ClientHandshaker.java:1323)
	... 56 more
Caused by: sun.security.provider.certpath.SunCertPathBuilderException: unable to find valid certification path to requested target
	at sun.security.provider.certpath.SunCertPathBuilder.engineBuild(SunCertPathBuilder.java:196)
	at java.security.cert.CertPathBuilder.build(CertPathBuilder.java:268)
	at sun.security.validator.PKIXValidator.doBuild(PKIXValidator.java:380)
	... 62 more
testGetDecision(com.trustev.integration.TrustevClientTest)  Time elapsed: 0.107 sec  <<< ERROR!
com.sun.jersey.api.client.ClientHandlerException: javax.net.ssl.SSLHandshakeException: sun.security.validator.ValidatorException: PKIX path building failed: sun.security.provider.certpath.SunCertPathBuilderException: unable to find valid certification path to requested target
	at com.sun.jersey.client.urlconnection.URLConnectionClientHandler.handle(URLConnectionClientHandler.java:149)
	at com.sun.jersey.api.client.Client.handle(Client.java:648)
	at com.sun.jersey.api.client.WebResource.handle(WebResource.java:670)
	at com.sun.jersey.api.client.WebResource.access$200(WebResource.java:74)
	at com.sun.jersey.api.client.WebResource$Builder.method(WebResource.java:623)
	at com.trustev.integration.BaseObject.callApiMethod(BaseObject.java:77)
	at com.trustev.integration.BaseObject.GetApiTokenId(BaseObject.java:50)
	at com.trustev.integration.BaseObject.callApiMethod(BaseObject.java:71)
	at com.trustev.integration.BaseObject.callApiMethodFor(BaseObject.java:95)
	at com.trustev.integration.Case.Save(Case.java:201)
	at com.trustev.integration.Case.MakeDecision(Case.java:173)
	at com.trustev.integration.TrustevClientTest.testGetDecision(TrustevClientTest.java:81)
	at sun.reflect.NativeMethodAccessorImpl.invoke0(Native Method)
	at sun.reflect.NativeMethodAccessorImpl.invoke(NativeMethodAccessorImpl.java:57)
	at sun.reflect.DelegatingMethodAccessorImpl.invoke(DelegatingMethodAccessorImpl.java:43)
	at java.lang.reflect.Method.invoke(Method.java:606)
	at junit.framework.TestCase.runTest(TestCase.java:168)
	at junit.framework.TestCase.runBare(TestCase.java:134)
	at junit.framework.TestResult$1.protect(TestResult.java:110)
	at junit.framework.TestResult.runProtected(TestResult.java:128)
	at junit.framework.TestResult.run(TestResult.java:113)
	at junit.framework.TestCase.run(TestCase.java:124)
	at junit.framework.TestSuite.runTest(TestSuite.java:243)
	at junit.framework.TestSuite.run(TestSuite.java:238)
	at org.junit.internal.runners.JUnit38ClassRunner.run(JUnit38ClassRunner.java:83)
	at org.apache.maven.surefire.junit4.JUnit4TestSet.execute(JUnit4TestSet.java:53)
	at org.apache.maven.surefire.junit4.JUnit4Provider.executeTestSet(JUnit4Provider.java:123)
	at org.apache.maven.surefire.junit4.JUnit4Provider.invoke(JUnit4Provider.java:104)
	at sun.reflect.NativeMethodAccessorImpl.invoke0(Native Method)
	at sun.reflect.NativeMethodAccessorImpl.invoke(NativeMethodAccessorImpl.java:57)
	at sun.reflect.DelegatingMethodAccessorImpl.invoke(DelegatingMethodAccessorImpl.java:43)
	at java.lang.reflect.Method.invoke(Method.java:606)
	at org.apache.maven.surefire.util.ReflectionUtils.invokeMethodWithArray(ReflectionUtils.java:164)
	at org.apache.maven.surefire.booter.ProviderFactory$ProviderProxy.invoke(ProviderFactory.java:110)
	at org.apache.maven.surefire.booter.SurefireStarter.invokeProvider(SurefireStarter.java:172)
	at org.apache.maven.surefire.booter.SurefireStarter.runSuitesInProcessWhenForked(SurefireStarter.java:104)
	at org.apache.maven.surefire.booter.ForkedBooter.main(ForkedBooter.java:70)
Caused by: javax.net.ssl.SSLHandshakeException: sun.security.validator.ValidatorException: PKIX path building failed: sun.security.provider.certpath.SunCertPathBuilderException: unable to find valid certification path to requested target
	at sun.security.ssl.Alerts.getSSLException(Alerts.java:192)
	at sun.security.ssl.SSLSocketImpl.fatal(SSLSocketImpl.java:1884)
	at sun.security.ssl.Handshaker.fatalSE(Handshaker.java:276)
	at sun.security.ssl.Handshaker.fatalSE(Handshaker.java:270)
	at sun.security.ssl.ClientHandshaker.serverCertificate(ClientHandshaker.java:1341)
	at sun.security.ssl.ClientHandshaker.processMessage(ClientHandshaker.java:153)
	at sun.security.ssl.Handshaker.processLoop(Handshaker.java:868)
	at sun.security.ssl.Handshaker.process_record(Handshaker.java:804)
	at sun.security.ssl.SSLSocketImpl.readRecord(SSLSocketImpl.java:1016)
	at sun.security.ssl.SSLSocketImpl.performInitialHandshake(SSLSocketImpl.java:1312)
	at sun.security.ssl.SSLSocketImpl.startHandshake(SSLSocketImpl.java:1339)
	at sun.security.ssl.SSLSocketImpl.startHandshake(SSLSocketImpl.java:1323)
	at sun.net.www.protocol.https.HttpsClient.afterConnect(HttpsClient.java:563)
	at sun.net.www.protocol.https.AbstractDelegateHttpsURLConnection.connect(AbstractDelegateHttpsURLConnection.java:185)
	at sun.net.www.protocol.http.HttpURLConnection.getOutputStream(HttpURLConnection.java:1091)
	at sun.net.www.protocol.https.HttpsURLConnectionImpl.getOutputStream(HttpsURLConnectionImpl.java:250)
	at com.sun.jersey.client.urlconnection.URLConnectionClientHandler$1$1.getOutputStream(URLConnectionClientHandler.java:225)
	at com.sun.jersey.api.client.CommittingOutputStream.commitWrite(CommittingOutputStream.java:117)
	at com.sun.jersey.api.client.CommittingOutputStream.write(CommittingOutputStream.java:89)
	at org.codehaus.jackson.impl.Utf8Generator._flushBuffer(Utf8Generator.java:1748)
	at org.codehaus.jackson.impl.Utf8Generator.flush(Utf8Generator.java:1082)
	at org.codehaus.jackson.map.ObjectMapper.writeValue(ObjectMapper.java:1606)
	at org.codehaus.jackson.jaxrs.JacksonJsonProvider.writeTo(JacksonJsonProvider.java:558)
	at com.sun.jersey.api.client.RequestWriter.writeRequestEntity(RequestWriter.java:300)
	at com.sun.jersey.client.urlconnection.URLConnectionClientHandler._invoke(URLConnectionClientHandler.java:204)
	at com.sun.jersey.client.urlconnection.URLConnectionClientHandler.handle(URLConnectionClientHandler.java:147)
	... 36 more
Caused by: sun.security.validator.ValidatorException: PKIX path building failed: sun.security.provider.certpath.SunCertPathBuilderException: unable to find valid certification path to requested target
	at sun.security.validator.PKIXValidator.doBuild(PKIXValidator.java:385)
	at sun.security.validator.PKIXValidator.engineValidate(PKIXValidator.java:292)
	at sun.security.validator.Validator.validate(Validator.java:260)
	at sun.security.ssl.X509TrustManagerImpl.validate(X509TrustManagerImpl.java:326)
	at sun.security.ssl.X509TrustManagerImpl.checkTrusted(X509TrustManagerImpl.java:231)
	at sun.security.ssl.X509TrustManagerImpl.checkServerTrusted(X509TrustManagerImpl.java:126)
	at sun.security.ssl.ClientHandshaker.serverCertificate(ClientHandshaker.java:1323)
	... 57 more
Caused by: sun.security.provider.certpath.SunCertPathBuilderException: unable to find valid certification path to requested target
	at sun.security.provider.certpath.SunCertPathBuilder.engineBuild(SunCertPathBuilder.java:196)
	at java.security.cert.CertPathBuilder.build(CertPathBuilder.java:268)
	at sun.security.validator.PKIXValidator.doBuild(PKIXValidator.java:380)
	... 63 more
testGetTokenBadPassword(com.trustev.integration.TrustevClientTest)  Time elapsed: 0.071 sec  <<< ERROR!
com.sun.jersey.api.client.ClientHandlerException: javax.net.ssl.SSLHandshakeException: sun.security.validator.ValidatorException: PKIX path building failed: sun.security.provider.certpath.SunCertPathBuilderException: unable to find valid certification path to requested target
	at com.sun.jersey.client.urlconnection.URLConnectionClientHandler.handle(URLConnectionClientHandler.java:149)
	at com.sun.jersey.api.client.Client.handle(Client.java:648)
	at com.sun.jersey.api.client.WebResource.handle(WebResource.java:670)
	at com.sun.jersey.api.client.WebResource.access$200(WebResource.java:74)
	at com.sun.jersey.api.client.WebResource$Builder.method(WebResource.java:623)
	at com.trustev.integration.BaseObject.callApiMethod(BaseObject.java:77)
	at com.trustev.integration.BaseObject.GetApiTokenId(BaseObject.java:50)
	at com.trustev.integration.TrustevClientTest.testGetTokenBadPassword(TrustevClientTest.java:40)
	at sun.reflect.NativeMethodAccessorImpl.invoke0(Native Method)
	at sun.reflect.NativeMethodAccessorImpl.invoke(NativeMethodAccessorImpl.java:57)
	at sun.reflect.DelegatingMethodAccessorImpl.invoke(DelegatingMethodAccessorImpl.java:43)
	at java.lang.reflect.Method.invoke(Method.java:606)
	at junit.framework.TestCase.runTest(TestCase.java:168)
	at junit.framework.TestCase.runBare(TestCase.java:134)
	at junit.framework.TestResult$1.protect(TestResult.java:110)
	at junit.framework.TestResult.runProtected(TestResult.java:128)
	at junit.framework.TestResult.run(TestResult.java:113)
	at junit.framework.TestCase.run(TestCase.java:124)
	at junit.framework.TestSuite.runTest(TestSuite.java:243)
	at junit.framework.TestSuite.run(TestSuite.java:238)
	at org.junit.internal.runners.JUnit38ClassRunner.run(JUnit38ClassRunner.java:83)
	at org.apache.maven.surefire.junit4.JUnit4TestSet.execute(JUnit4TestSet.java:53)
	at org.apache.maven.surefire.junit4.JUnit4Provider.executeTestSet(JUnit4Provider.java:123)
	at org.apache.maven.surefire.junit4.JUnit4Provider.invoke(JUnit4Provider.java:104)
	at sun.reflect.NativeMethodAccessorImpl.invoke0(Native Method)
	at sun.reflect.NativeMethodAccessorImpl.invoke(NativeMethodAccessorImpl.java:57)
	at sun.reflect.DelegatingMethodAccessorImpl.invoke(DelegatingMethodAccessorImpl.java:43)
	at java.lang.reflect.Method.invoke(Method.java:606)
	at org.apache.maven.surefire.util.ReflectionUtils.invokeMethodWithArray(ReflectionUtils.java:164)
	at org.apache.maven.surefire.booter.ProviderFactory$ProviderProxy.invoke(ProviderFactory.java:110)
	at org.apache.maven.surefire.booter.SurefireStarter.invokeProvider(SurefireStarter.java:172)
	at org.apache.maven.surefire.booter.SurefireStarter.runSuitesInProcessWhenForked(SurefireStarter.java:104)
	at org.apache.maven.surefire.booter.ForkedBooter.main(ForkedBooter.java:70)
Caused by: javax.net.ssl.SSLHandshakeException: sun.security.validator.ValidatorException: PKIX path building failed: sun.security.provider.certpath.SunCertPathBuilderException: unable to find valid certification path to requested target
	at sun.security.ssl.Alerts.getSSLException(Alerts.java:192)
	at sun.security.ssl.SSLSocketImpl.fatal(SSLSocketImpl.java:1884)
	at sun.security.ssl.Handshaker.fatalSE(Handshaker.java:276)
	at sun.security.ssl.Handshaker.fatalSE(Handshaker.java:270)
	at sun.security.ssl.ClientHandshaker.serverCertificate(ClientHandshaker.java:1341)
	at sun.security.ssl.ClientHandshaker.processMessage(ClientHandshaker.java:153)
	at sun.security.ssl.Handshaker.processLoop(Handshaker.java:868)
	at sun.security.ssl.Handshaker.process_record(Handshaker.java:804)
	at sun.security.ssl.SSLSocketImpl.readRecord(SSLSocketImpl.java:1016)
	at sun.security.ssl.SSLSocketImpl.performInitialHandshake(SSLSocketImpl.java:1312)
	at sun.security.ssl.SSLSocketImpl.startHandshake(SSLSocketImpl.java:1339)
	at sun.security.ssl.SSLSocketImpl.startHandshake(SSLSocketImpl.java:1323)
	at sun.net.www.protocol.https.HttpsClient.afterConnect(HttpsClient.java:563)
	at sun.net.www.protocol.https.AbstractDelegateHttpsURLConnection.connect(AbstractDelegateHttpsURLConnection.java:185)
	at sun.net.www.protocol.http.HttpURLConnection.getOutputStream(HttpURLConnection.java:1091)
	at sun.net.www.protocol.https.HttpsURLConnectionImpl.getOutputStream(HttpsURLConnectionImpl.java:250)
	at com.sun.jersey.client.urlconnection.URLConnectionClientHandler$1$1.getOutputStream(URLConnectionClientHandler.java:225)
	at com.sun.jersey.api.client.CommittingOutputStream.commitWrite(CommittingOutputStream.java:117)
	at com.sun.jersey.api.client.CommittingOutputStream.write(CommittingOutputStream.java:89)
	at org.codehaus.jackson.impl.Utf8Generator._flushBuffer(Utf8Generator.java:1748)
	at org.codehaus.jackson.impl.Utf8Generator.flush(Utf8Generator.java:1082)
	at org.codehaus.jackson.map.ObjectMapper.writeValue(ObjectMapper.java:1606)
	at org.codehaus.jackson.jaxrs.JacksonJsonProvider.writeTo(JacksonJsonProvider.java:558)
	at com.sun.jersey.api.client.RequestWriter.writeRequestEntity(RequestWriter.java:300)
	at com.sun.jersey.client.urlconnection.URLConnectionClientHandler._invoke(URLConnectionClientHandler.java:204)
	at com.sun.jersey.client.urlconnection.URLConnectionClientHandler.handle(URLConnectionClientHandler.java:147)
	... 32 more
Caused by: sun.security.validator.ValidatorException: PKIX path building failed: sun.security.provider.certpath.SunCertPathBuilderException: unable to find valid certification path to requested target
	at sun.security.validator.PKIXValidator.doBuild(PKIXValidator.java:385)
	at sun.security.validator.PKIXValidator.engineValidate(PKIXValidator.java:292)
	at sun.security.validator.Validator.validate(Validator.java:260)
	at sun.security.ssl.X509TrustManagerImpl.validate(X509TrustManagerImpl.java:326)
	at sun.security.ssl.X509TrustManagerImpl.checkTrusted(X509TrustManagerImpl.java:231)
	at sun.security.ssl.X509TrustManagerImpl.checkServerTrusted(X509TrustManagerImpl.java:126)
	at sun.security.ssl.ClientHandshaker.serverCertificate(ClientHandshaker.java:1323)
	... 53 more
Caused by: sun.security.provider.certpath.SunCertPathBuilderException: unable to find valid certification path to requested target
	at sun.security.provider.certpath.SunCertPathBuilder.engineBuild(SunCertPathBuilder.java:196)
	at java.security.cert.CertPathBuilder.build(CertPathBuilder.java:268)
	at sun.security.validator.PKIXValidator.doBuild(PKIXValidator.java:380)
	... 59 more
testPaymentEndpoint(com.trustev.integration.TrustevClientTest)  Time elapsed: 0.124 sec  <<< ERROR!
com.sun.jersey.api.client.ClientHandlerException: javax.net.ssl.SSLHandshakeException: sun.security.validator.ValidatorException: PKIX path building failed: sun.security.provider.certpath.SunCertPathBuilderException: unable to find valid certification path to requested target
	at com.sun.jersey.client.urlconnection.URLConnectionClientHandler.handle(URLConnectionClientHandler.java:149)
	at com.sun.jersey.api.client.Client.handle(Client.java:648)
	at com.sun.jersey.api.client.WebResource.handle(WebResource.java:670)
	at com.sun.jersey.api.client.WebResource.access$200(WebResource.java:74)
	at com.sun.jersey.api.client.WebResource$Builder.method(WebResource.java:623)
	at com.trustev.integration.BaseObject.callApiMethod(BaseObject.java:77)
	at com.trustev.integration.BaseObject.GetApiTokenId(BaseObject.java:50)
	at com.trustev.integration.BaseObject.callApiMethod(BaseObject.java:71)
	at com.trustev.integration.BaseObject.callApiMethodFor(BaseObject.java:95)
	at com.trustev.integration.Case.Save(Case.java:201)
	at com.trustev.integration.TrustevClientTest.testPaymentEndpoint(TrustevClientTest.java:188)
	at sun.reflect.NativeMethodAccessorImpl.invoke0(Native Method)
	at sun.reflect.NativeMethodAccessorImpl.invoke(NativeMethodAccessorImpl.java:57)
	at sun.reflect.DelegatingMethodAccessorImpl.invoke(DelegatingMethodAccessorImpl.java:43)
	at java.lang.reflect.Method.invoke(Method.java:606)
	at junit.framework.TestCase.runTest(TestCase.java:168)
	at junit.framework.TestCase.runBare(TestCase.java:134)
	at junit.framework.TestResult$1.protect(TestResult.java:110)
	at junit.framework.TestResult.runProtected(TestResult.java:128)
	at junit.framework.TestResult.run(TestResult.java:113)
	at junit.framework.TestCase.run(TestCase.java:124)
	at junit.framework.TestSuite.runTest(TestSuite.java:243)
	at junit.framework.TestSuite.run(TestSuite.java:238)
	at org.junit.internal.runners.JUnit38ClassRunner.run(JUnit38ClassRunner.java:83)
	at org.apache.maven.surefire.junit4.JUnit4TestSet.execute(JUnit4TestSet.java:53)
	at org.apache.maven.surefire.junit4.JUnit4Provider.executeTestSet(JUnit4Provider.java:123)
	at org.apache.maven.surefire.junit4.JUnit4Provider.invoke(JUnit4Provider.java:104)
	at sun.reflect.NativeMethodAccessorImpl.invoke0(Native Method)
	at sun.reflect.NativeMethodAccessorImpl.invoke(NativeMethodAccessorImpl.java:57)
	at sun.reflect.DelegatingMethodAccessorImpl.invoke(DelegatingMethodAccessorImpl.java:43)
	at java.lang.reflect.Method.invoke(Method.java:606)
	at org.apache.maven.surefire.util.ReflectionUtils.invokeMethodWithArray(ReflectionUtils.java:164)
	at org.apache.maven.surefire.booter.ProviderFactory$ProviderProxy.invoke(ProviderFactory.java:110)
	at org.apache.maven.surefire.booter.SurefireStarter.invokeProvider(SurefireStarter.java:172)
	at org.apache.maven.surefire.booter.SurefireStarter.runSuitesInProcessWhenForked(SurefireStarter.java:104)
	at org.apache.maven.surefire.booter.ForkedBooter.main(ForkedBooter.java:70)
Caused by: javax.net.ssl.SSLHandshakeException: sun.security.validator.ValidatorException: PKIX path building failed: sun.security.provider.certpath.SunCertPathBuilderException: unable to find valid certification path to requested target
	at sun.security.ssl.Alerts.getSSLException(Alerts.java:192)
	at sun.security.ssl.SSLSocketImpl.fatal(SSLSocketImpl.java:1884)
	at sun.security.ssl.Handshaker.fatalSE(Handshaker.java:276)
	at sun.security.ssl.Handshaker.fatalSE(Handshaker.java:270)
	at sun.security.ssl.ClientHandshaker.serverCertificate(ClientHandshaker.java:1341)
	at sun.security.ssl.ClientHandshaker.processMessage(ClientHandshaker.java:153)
	at sun.security.ssl.Handshaker.processLoop(Handshaker.java:868)
	at sun.security.ssl.Handshaker.process_record(Handshaker.java:804)
	at sun.security.ssl.SSLSocketImpl.readRecord(SSLSocketImpl.java:1016)
	at sun.security.ssl.SSLSocketImpl.performInitialHandshake(SSLSocketImpl.java:1312)
	at sun.security.ssl.SSLSocketImpl.startHandshake(SSLSocketImpl.java:1339)
	at sun.security.ssl.SSLSocketImpl.startHandshake(SSLSocketImpl.java:1323)
	at sun.net.www.protocol.https.HttpsClient.afterConnect(HttpsClient.java:563)
	at sun.net.www.protocol.https.AbstractDelegateHttpsURLConnection.connect(AbstractDelegateHttpsURLConnection.java:185)
	at sun.net.www.protocol.http.HttpURLConnection.getOutputStream(HttpURLConnection.java:1091)
	at sun.net.www.protocol.https.HttpsURLConnectionImpl.getOutputStream(HttpsURLConnectionImpl.java:250)
	at com.sun.jersey.client.urlconnection.URLConnectionClientHandler$1$1.getOutputStream(URLConnectionClientHandler.java:225)
	at com.sun.jersey.api.client.CommittingOutputStream.commitWrite(CommittingOutputStream.java:117)
	at com.sun.jersey.api.client.CommittingOutputStream.write(CommittingOutputStream.java:89)
	at org.codehaus.jackson.impl.Utf8Generator._flushBuffer(Utf8Generator.java:1748)
	at org.codehaus.jackson.impl.Utf8Generator.flush(Utf8Generator.java:1082)
	at org.codehaus.jackson.map.ObjectMapper.writeValue(ObjectMapper.java:1606)
	at org.codehaus.jackson.jaxrs.JacksonJsonProvider.writeTo(JacksonJsonProvider.java:558)
	at com.sun.jersey.api.client.RequestWriter.writeRequestEntity(RequestWriter.java:300)
	at com.sun.jersey.client.urlconnection.URLConnectionClientHandler._invoke(URLConnectionClientHandler.java:204)
	at com.sun.jersey.client.urlconnection.URLConnectionClientHandler.handle(URLConnectionClientHandler.java:147)
	... 35 more
Caused by: sun.security.validator.ValidatorException: PKIX path building failed: sun.security.provider.certpath.SunCertPathBuilderException: unable to find valid certification path to requested target
	at sun.security.validator.PKIXValidator.doBuild(PKIXValidator.java:385)
	at sun.security.validator.PKIXValidator.engineValidate(PKIXValidator.java:292)
	at sun.security.validator.Validator.validate(Validator.java:260)
	at sun.security.ssl.X509TrustManagerImpl.validate(X509TrustManagerImpl.java:326)
	at sun.security.ssl.X509TrustManagerImpl.checkTrusted(X509TrustManagerImpl.java:231)
	at sun.security.ssl.X509TrustManagerImpl.checkServerTrusted(X509TrustManagerImpl.java:126)
	at sun.security.ssl.ClientHandshaker.serverCertificate(ClientHandshaker.java:1323)
	... 56 more
Caused by: sun.security.provider.certpath.SunCertPathBuilderException: unable to find valid certification path to requested target
	at sun.security.provider.certpath.SunCertPathBuilder.engineBuild(SunCertPathBuilder.java:196)
	at java.security.cert.CertPathBuilder.build(CertPathBuilder.java:268)
	at sun.security.validator.PKIXValidator.doBuild(PKIXValidator.java:380)
	... 62 more
