<?xml version="1.0" encoding="UTF-8" ?>
<testsuite failures="0" time="9.646" errors="0" skipped="0" tests="7" name="com.trustev.integration.TrustevClientTest">
  <properties>
[...]
</properties>
  <testcase time="2.807" classname="com.trustev.integration.TrustevClientTest" name="testPaymentEndpoint"/>
  <testcase time="1.106" classname="com.trustev.integration.TrustevClientTest" name="testUpdateCase"/>
  <testcase time="1.035" classname="com.trustev.integration.TrustevClientTest" name="testCustomerEndpoint"/>
  <testcase time="0.089" classname="com.trustev.integration.TrustevClientTest" name="testGetTokenBadPassword"/>
  <testcase time="4.383" classname="com.trustev.integration.TrustevClientTest" name="testGetDecision"/>
  <testcase time="0" classname="com.trustev.integration.TrustevClientTest" name="testGetToken"/>
  <testcase time="0.193" classname="com.trustev.integration.TrustevClientTest" name="testAddCase"/>
</testsuite>